ros2 run cashier_execute_packing execute_packing_server
_robot_id =dsr01
_robot_model =m0609
_srv_name_prefix =
_topic_name_prefix =
[INFO] [1773400195.558713022] [dsr01.execute_packing_server]: goal_callback()!!!
[INFO] [1773400195.560210109] [dsr01.execute_packing_server]: execute_callback()!!!
[INFO] [1773400195.560670830] [dsr01.execute_packing_server]: 클라이언트 데이터 수신 완료
[INFO] [1773400195.561099595] [dsr01.execute_packing_server]: 계획 작성 시작
[INFO] [1773400195.561628032] [dsr01.execute_packing_server]: 계획 작성 완료
[INFO] [1773400195.562052106] [dsr01.execute_packing_server]: 초기 위치로 이동
[INFO] [1773400200.299504315] [dsr01.execute_packing_server]: 물체 최초 pick 시작 > 물체: milk
[INFO] [1773400200.299730493] [dsr01.execute_packing_server]: 물체 최초 pick 단계 > griper_depth_offset: 0.0
Start opening gripper.
A motion is ongoing so new commands are not accepted.
A motion is ongoing so new commands are not accepted.
A motion is ongoing so new commands are not accepted.
A motion is ongoing so new commands are not accepted.
A motion is ongoing so new commands are not accepted.
A motion is ongoing so new commands are not accepted.
[INFO] [1773400210.299705348] [dsr01.execute_packing_server]: 물체 최초 pick 단계 > item.pose.yaw: 0.0
[INFO] [1773400210.299918557] [dsr01.execute_packing_server]: close_gripper 호출 > width_mm=3
Start moving gripper.
A motion is ongoing so new commands are not accepted.
A motion is ongoing so new commands are not accepted.
A motion is ongoing so new commands are not accepted.
A motion is ongoing so new commands are not accepted.
A motion is ongoing so new commands are not accepted.
A motion is ongoing so new commands are not accepted.
A motion is ongoing so new commands are not accepted.
A motion is ongoing so new commands are not accepted.
A motion is ongoing so new commands are not accepted.
A motion is ongoing so new commands are not accepted.
A motion is ongoing so new commands are not accepted.
A motion is ongoing so new commands are not accepted.
An internal- or external grip is detected.
[INFO] [1773400216.624618281] [dsr01.execute_packing_server]: 물체 최초 pick 단계 > 정렬된 물체 yaw 확인 : 0.0
[INFO] [1773400216.624828062] [dsr01.execute_packing_server]: 회전 스테이지 스킵
[INFO] [1773400224.336847641] [dsr01.execute_packing_server]: close_gripper 호출 > width_mm=6
Start moving gripper.
An internal- or external grip is detected.
[INFO] [1773400224.359037922] [dsr01.execute_packing_server]: 물체 최초 pick 시작 > 물체: snack_box
[INFO] [1773400224.359242433] [dsr01.execute_packing_server]: 물체 최초 pick 단계 > griper_depth_offset: 0.0
Start opening gripper.
A motion is ongoing so new commands are not accepted.
A motion is ongoing so new commands are not accepted.
A motion is ongoing so new commands are not accepted.
A motion is ongoing so new commands are not accepted.
A motion is ongoing so new commands are not accepted.
A motion is ongoing so new commands are not accepted.
A motion is ongoing so new commands are not accepted.
A motion is ongoing so new commands are not accepted.
A motion is ongoing so new commands are not accepted.
A motion is ongoing so new commands are not accepted.
A motion is ongoing so new commands are not accepted.
A motion is ongoing so new commands are not accepted.
[INFO] [1773400225.658692939] [dsr01.execute_packing_server]: 물체 최초 pick 단계 > item.pose.yaw: 0.0
[INFO] [1773400225.658896479] [dsr01.execute_packing_server]: close_gripper 호출 > width_mm=3
Start moving gripper.
A motion is ongoing so new commands are not accepted.
A motion is ongoing so new commands are not accepted.
A motion is ongoing so new commands are not accepted.
A motion is ongoing so new commands are not accepted.
A motion is ongoing so new commands are not accepted.
A motion is ongoing so new commands are not accepted.
A motion is ongoing so new commands are not accepted.
A motion is ongoing so new commands are not accepted.
A motion is ongoing so new commands are not accepted.
A motion is ongoing so new commands are not accepted.
A motion is ongoing so new commands are not accepted.
A motion is ongoing so new commands are not accepted.
A motion is ongoing so new commands are not accepted.
An internal- or external grip is detected.
[INFO] [1773400227.062746483] [dsr01.execute_packing_server]: 물체 최초 pick 단계 > 정렬된 물체 yaw 확인 : 0.0
[INFO] [1773400227.062947820] [dsr01.execute_packing_server]: 회전 스테이지 스킵
[INFO] [1773400227.065010997] [dsr01.execute_packing_server]: close_gripper 호출 > width_mm=6
Start moving gripper.
An internal- or external grip is detected.
[INFO] [1773400227.083263141] [dsr01.execute_packing_server]: 패킹 작업 완료
^CTraceback (most recent call last):
  File "/home/rokey/rokey_4th_RobotCashier/install/cashier_execute_packing/lib/python3.10/site-packages/cashier_execute_packing/robot_control.py", line 548, in main
    rclpy.spin(node)
  File "/opt/ros/humble/local/lib/python3.10/dist-packages/rclpy/__init__.py", line 229, in spin
    executor.spin_once()
  File "/opt/ros/humble/local/lib/python3.10/dist-packages/rclpy/executors.py", line 776, in spin_once
    self._spin_once_impl(timeout_sec)
  File "/opt/ros/humble/local/lib/python3.10/dist-packages/rclpy/executors.py", line 765, in _spin_once_impl
    handler, entity, node = self.wait_for_ready_callbacks(timeout_sec=timeout_sec)
  File "/opt/ros/humble/local/lib/python3.10/dist-packages/rclpy/executors.py", line 748, in wait_for_ready_callbacks
    return next(self._cb_iter)
  File "/opt/ros/humble/local/lib/python3.10/dist-packages/rclpy/executors.py", line 645, in _wait_for_ready_callbacks
    wait_set.wait(timeout_nsec)
KeyboardInterrupt

During handling of the above exception, another exception occurred:

Traceback (most recent call last):
  File "/home/rokey/rokey_4th_RobotCashier/install/cashier_execute_packing/lib/cashier_execute_packing/execute_packing_server", line 33, in <module>
    sys.exit(load_entry_point('cashier-execute-packing==0.0.0', 'console_scripts', 'execute_packing_server')())
  File "/home/rokey/rokey_4th_RobotCashier/install/cashier_execute_packing/lib/python3.10/site-packages/cashier_execute_packing/robot_control.py", line 551, in main
    rclpy.shutdown()
  File "/opt/ros/humble/local/lib/python3.10/dist-packages/rclpy/__init__.py", line 130, in shutdown
    _shutdown(context=context)
  File "/opt/ros/humble/local/lib/python3.10/dist-packages/rclpy/utilities.py", line 58, in shutdown
    return context.shutdown()
  File "/opt/ros/humble/local/lib/python3.10/dist-packages/rclpy/context.py", line 102, in shutdown
    self.__context.shutdown()
rclpy._rclpy_pybind11.RCLError: failed to shutdown: rcl_shutdown already called on the given context, at ./src/rcl/init.c:241
[ros2run]: Process exited with failure 1
rokey@rokey-Katana-17-B13VFK:~/rokey_4th_RobotCashier$ 

